# JRE version: OpenJDK Runtime Environment (15.0.2+7) (build 15.0.2+7-27)
# Java VM: OpenJDK 64-Bit Server VM (15.0.2+7-27, mixed mode, tiered, compressed oops, g1 gc, windows-amd64)
GC Precious Log:
 CPUs: 4 total, 4 available
 Memory: 16279M
 Large Page Support: Disabled
 NUMA Support: Disabled
 Compressed Oops: Enabled (Zero based)
 Heap Region Size: 2M
 Heap Min Capacity: 8M
 Heap Initial Capacity: 256M
 Heap Max Capacity: 4070M
 Pre-touch: Disabled
 Parallel Workers: 4
 Concurrent Workers: 1
 Concurrent Refinement Workers: 4
 Periodic GC: Disabled
Heap:
 garbage-first heap   total 102400K, used 63330K [0x0000000701a00000, 0x0000000800000000)
  region size 2048K, 24 young (49152K), 5 survivors (10240K)
 Metaspace       used 40683K, capacity 41089K, committed 41292K, reserved 1085440K
  class space    used 5211K, capacity 5338K, committed 5452K, reserved 1048576K
GC Heap History (12 events):
Event: 0.473 GC heap before
{Heap before GC invocations=0 (full 0):
 garbage-first heap   total 262144K, used 10240K [0x0000000701a00000, 0x0000000800000000)
  region size 2048K, 6 young (12288K), 0 survivors (0K)
 Metaspace       used 5075K, capacity 5122K, committed 5376K, reserved 1056768K
  class space    used 410K, capacity 426K, committed 512K, reserved 1048576K
}
Event: 0.476 GC heap after
{Heap after GC invocations=1 (full 0):
 garbage-first heap   total 262144K, used 6732K [0x0000000701a00000, 0x0000000800000000)
  region size 2048K, 1 young (2048K), 1 survivors (2048K)
 Metaspace       used 5075K, capacity 5122K, committed 5376K, reserved 1056768K
  class space    used 410K, capacity 426K, committed 512K, reserved 1048576K
}
Event: 0.506 GC heap before
{Heap before GC invocations=1 (full 0):
 garbage-first heap   total 262144K, used 14924K [0x0000000701a00000, 0x0000000800000000)
  region size 2048K, 6 young (12288K), 1 survivors (2048K)
 Metaspace       used 5103K, capacity 5122K, committed 5376K, reserved 1056768K
  class space    used 410K, capacity 426K, committed 512K, reserved 1048576K
}
Event: 0.508 GC heap after
{Heap after GC invocations=2 (full 0):
 garbage-first heap   total 262144K, used 9424K [0x0000000701a00000, 0x0000000800000000)
  region size 2048K, 1 young (2048K), 1 survivors (2048K)
 Metaspace       used 5103K, capacity 5122K, committed 5376K, reserved 1056768K
  class space    used 410K, capacity 426K, committed 512K, reserved 1048576K
}
Event: 0.832 GC heap before
{Heap before GC invocations=2 (full 0):
 garbage-first heap   total 262144K, used 31952K [0x0000000701a00000, 0x0000000800000000)
  region size 2048K, 12 young (24576K), 1 survivors (2048K)
 Metaspace       used 8491K, capacity 8587K, committed 8704K, reserved 1056768K
  class space    used 868K, capacity 918K, committed 1024K, reserved 1048576K
}
Event: 0.837 GC heap after
{Heap after GC invocations=3 (full 0):
 garbage-first heap   total 262144K, used 16609K [0x0000000701a00000, 0x0000000800000000)
  region size 2048K, 2 young (4096K), 2 survivors (4096K)
 Metaspace       used 8491K, capacity 8587K, committed 8704K, reserved 1056768K
  class space    used 868K, capacity 918K, committed 1024K, reserved 1048576K
}
Event: 1.287 GC heap before
{Heap before GC invocations=3 (full 0):
 garbage-first heap   total 262144K, used 39137K [0x0000000701a00000, 0x0000000800000000)
  region size 2048K, 13 young (26624K), 2 survivors (4096K)
 Metaspace       used 16217K, capacity 16351K, committed 16512K, reserved 1062912K
  class space    used 2049K, capacity 2102K, committed 2176K, reserved 1048576K
}
Event: 1.291 GC heap after
{Heap after GC invocations=4 (full 0):
 garbage-first heap   total 262144K, used 20019K [0x0000000701a00000, 0x0000000800000000)
  region size 2048K, 2 young (4096K), 2 survivors (4096K)
 Metaspace       used 16217K, capacity 16351K, committed 16512K, reserved 1062912K
  class space    used 2049K, capacity 2102K, committed 2176K, reserved 1048576K
}
Event: 1.518 GC heap before
{Heap before GC invocations=4 (full 0):
 garbage-first heap   total 262144K, used 28211K [0x0000000701a00000, 0x0000000800000000)
  region size 2048K, 7 young (14336K), 2 survivors (4096K)
 Metaspace       used 21031K, capacity 21175K, committed 21248K, reserved 1067008K
  class space    used 2706K, capacity 2749K, committed 2816K, reserved 1048576K
}
Event: 1.521 GC heap after
{Heap after GC invocations=5 (full 0):
 garbage-first heap   total 262144K, used 21680K [0x0000000701a00000, 0x0000000800000000)
  region size 2048K, 3 young (6144K), 3 survivors (6144K)
 Metaspace       used 21031K, capacity 21175K, committed 21248K, reserved 1067008K
  class space    used 2706K, capacity 2749K, committed 2816K, reserved 1048576K
}
Event: 2.587 GC heap before
{Heap before GC invocations=6 (full 0):
 garbage-first heap   total 90112K, used 60592K [0x0000000701a00000, 0x0000000800000000)
  region size 2048K, 23 young (47104K), 3 survivors (6144K)
 Metaspace       used 35460K, capacity 35785K, committed 35840K, reserved 1081344K
  class space    used 4632K, capacity 4723K, committed 4736K, reserved 1048576K
}
Event: 2.596 GC heap after
{Heap after GC invocations=7 (full 0):
 garbage-first heap   total 108544K, used 26466K [0x0000000701a00000, 0x0000000800000000)
  region size 2048K, 5 young (10240K), 5 survivors (10240K)
 Metaspace       used 35460K, capacity 35785K, committed 35840K, reserved 1081344K
  class space    used 4632K, capacity 4723K, committed 4736K, reserved 1048576K
}

